its working
its working
its working
its working
Run time of job "update_all_articles (trigger: interval[0:00:50], next run at: 2021-09-06 17:14:19 UTC)" was missed by 0:00:33.667418
its working
its working
its working
its working
its working
its working
[UID:611][29785] Child process with pid: 10071 was killed by signal: 15, core dump: 0
its working
its working
its working
Invalid HTTP_HOST header: 'topicalrelevance.expert'. You may need to add 'topicalrelevance.expert' to ALLOWED_HOSTS.
Bad Request: /
Invalid HTTP_HOST header: 'topicalrelevance.expert'. You may need to add 'topicalrelevance.expert' to ALLOWED_HOSTS.
Bad Request: /
Invalid HTTP_HOST header: 'topicalrelevance.expert'. You may need to add 'topicalrelevance.expert' to ALLOWED_HOSTS.
Bad Request: /
